<?xml version="1.0" encoding="UTF-8"?>
<!-- Generated by org.testng.reporters.JUnitXMLReporter -->
<testsuite ignored="0" hostname="DESKTOP-HKGAK7I" failures="0" tests="1" name="Test" time="0.223" errors="0" timestamp="2023-06-06T11:18:51 IST">
  <testcase classname="testng1.MultiBrowser" name="@BeforeClass beforeTest" time="-1.686030531541E9">
    <failure type="org.testng.TestNGException" message="
Parameter &amp;apos;browser&amp;apos; is required by BeforeClass on method beforeTest but has not been marked @Optional or defined
in C:\javaprogram\Selenium\testng.xml">
      <![CDATA[org.testng.TestNGException: 
Parameter 'browser' is required by BeforeClass on method beforeTest but has not been marked @Optional or defined
in C:\javaprogram\Selenium\testng.xml
at java.base/java.util.ArrayList.forEach(ArrayList.java:1511)
... Removed 22 stack frames]]>
    </failure>
  </testcase> <!-- @BeforeClass beforeTest -->
  <testcase classname="testng1.MultiBrowser" name="@AfterClass afterTest" time="-1.686030531682E9">
    <skipped/>
  </testcase> <!-- @AfterClass afterTest -->
  <testcase classname="testng1.MultiBrowser" name="login" time="0.0">
    <skipped/>
  </testcase> <!-- login -->
</testsuite> <!-- Test -->
